<?xml version="1.0" encoding="UTF-8"?>
<!-- Generated by org.testng.reporters.JUnitReportReporter -->
<testsuite hostname="Hansies-MacBook-Air.local" failures="0" tests="2" name="testNGLearning.testNGTests.TC1" time="10.250" errors="0" timestamp="2022-01-26T21:56:22 SAST" skipped="0">
  <testcase classname="testNGLearning.testNGTests.TC1" name="tc_report" time="5.055"/>
  <system-out/>
  <testcase classname="testNGLearning.testNGTests.TC1" name="testPageTitle" time="5.195"/>
  <system-out/>
</testsuite> <!-- testNGLearning.testNGTests.TC1 -->
