<?xml version="1.0" encoding="UTF-8"?>
<!-- Generated by org.testng.reporters.JUnitReportReporter -->
<testsuite hostname="Hansies-MacBook-Air.local" failures="0" tests="2" name="testNGLearning.testNGTests.TC2" time="5.013" errors="0" timestamp="2022-01-26T21:56:22 SAST" skipped="0">
  <testcase classname="testNGLearning.testNGTests.TC2" name="tc_02" time="0.003"/>
  <system-out/>
  <testcase classname="testNGLearning.testNGTests.TC2" name="tc_01" time="5.010"/>
  <system-out/>
</testsuite> <!-- testNGLearning.testNGTests.TC2 -->
